5 -7 20.0
-1 -7 20.0
5 -1 20.0
-1 -1 20.0
11 -7 20.0
11 -1 20.0
5 -13 20.0
-1 -13 20.0
11 -13 20.0
-3 -7 20.0
-3 -1 20.0
-3 -13 20.0
5 1 20.0
-1 1 20.0
11 1 20.0
-3 1 20.0
9 -7 20.0
9 -1 20.0
9 -13 20.0
9 1 20.0
5 -11 20.0
-1 -11 20.0
11 -11 20.0
-3 -11 20.0
9 -11 20.0
3 -7 20.0
3 -1 20.0
3 -13 20.0
3 1 20.0
3 -11 20.0
5 -5 20.0
-1 -5 20.0
11 -5 20.0
-3 -5 20.0
9 -5 20.0
3 -5 20.0
15 -7 20.0
15 -1 20.0
15 -13 20.0
15 1 20.0
15 -11 20.0
15 -5 20.0
5 -15 20.0
-1 -15 20.0
11 -15 20.0
-3 -15 20.0
9 -15 20.0
3 -15 20.0
15 -15 20.0
-5 -7 20.0
-5 -1 20.0
-5 -13 20.0
-5 1 20.0
-5 -11 20.0
-5 -5 20.0
-5 -15 20.0
5 3 20.0
-1 3 20.0
11 3 20.0
-3 3 20.0
9 3 20.0
3 3 20.0
15 3 20.0
-5 3 20.0
7 -7 20.0
7 -1 20.0
7 -13 20.0
7 1 20.0
7 -11 20.0
7 -5 20.0
7 -15 20.0
7 3 20.0
5 -9 20.0
-1 -9 20.0
11 -9 20.0
-3 -9 20.0
9 -9 20.0
3 -9 20.0
15 -9 20.0
-5 -9 20.0
7 -9 20.0
1 -7 20.0
1 -1 20.0
1 -13 20.0
1 1 20.0
1 -11 20.0
1 -5 20.0
1 -15 20.0
1 3 20.0
1 -9 20.0
5 -3 20.0
-1 -3 20.0
11 -3 20.0
-3 -3 20.0
9 -3 20.0
3 -3 20.0
15 -3 20.0
-5 -3 20.0
7 -3 20.0
1 -3 20.0
13 -7 20.0
13 -1 20.0
13 -13 20.0
13 1 20.0
13 -11 20.0
13 -5 20.0
13 -15 20.0
13 3 20.0
13 -9 20.0
13 -3 20.0
